<?xml version="1.0" encoding="UTF-8"?>
<!-- Generated by org.testng.reporters.JUnitReportReporter -->
<testsuite hostname="DESKTOP-JA45" failures="0" tests="2" name="com.petclinic.tests.FindOwnersPageTest" time="0.234" errors="0" timestamp="04 Oct 2020 17:53:32 GMT" skipped="0">
  <testcase classname="com.petclinic.tests.FindOwnersPageTest" name="verifyAddOwnersTest" time="0.096"/>
  <testcase classname="com.petclinic.tests.FindOwnersPageTest" name="verifyFindOwnersTest" time="0.138"/>
</testsuite> <!-- com.petclinic.tests.FindOwnersPageTest -->
