<?xml version="1.0" encoding="UTF-8"?>
<!-- Generated by org.testng.reporters.JUnitReportReporter -->
<testsuite hostname="DESKTOP-JA45" failures="0" tests="1" name="com.petclinic.tests.AddOwnersFormPageTest" time="0.295" errors="0" timestamp="04 Oct 2020 17:53:32 GMT" skipped="0">
  <testcase classname="com.petclinic.tests.AddOwnersFormPageTest" name="verifyAddOwnersFormPageTest" time="0.295"/>
</testsuite> <!-- com.petclinic.tests.AddOwnersFormPageTest -->
