<?xml version="1.0" encoding="UTF-8"?>
<!-- Generated by org.testng.reporters.JUnitReportReporter -->
<testsuite hostname="DESKTOP-JA45" failures="0" tests="2" name="com.petclinic.tests.HomePageTest" time="0.168" errors="0" timestamp="04 Oct 2020 17:53:32 GMT" skipped="0">
  <testcase classname="com.petclinic.tests.HomePageTest" name="verifyHomePageImageTest" time="0.039"/>
  <testcase classname="com.petclinic.tests.HomePageTest" name="verifyMenuItemTest" time="0.129"/>
</testsuite> <!-- com.petclinic.tests.HomePageTest -->
